<!DOCTYPE html>
<html>
<head>
    <title>Unittest Results</title>
    <meta charset="utf-8">
    <meta name="viewport" content="width=device-width, initial-scale=1.0">
    <link rel="stylesheet" href="https://maxcdn.bootstrapcdn.com/bootstrap/3.3.6/css/bootstrap.min.css" integrity="sha384-1q8mTJOASx8j1Au+a5WDVnPi2lkFfwwEAa8hDDdjZlpLegxhjVME1fgjWPGmkzs7" crossorigin="anonymous">
</head>
<body>
    <div class="container">
        <div class="row">
            <div class="col-xs-12">
                <h2 class="text-capitalize">Unittest Results</h2>
                <p class='attribute'><strong>Start Time: </strong>2021-04-16 21:55:01</p>
                <p class='attribute'><strong>Duration: </strong>45.56 s</p>
                <p class='attribute'><strong>Summary: </strong>Total: 2, Pass: 0, Fail: 1, Error: 1</p>
            </div>
        </div>
        <div class="row">
            <div class="col-xs-12 col-sm-10 col-md-10">
                <table class='table table-hover table-responsive'>
                    <thead>
                        <tr>
                            <th>__main__.createAccountTest</th>
                            <th>Status</th>
                            <th></th>
                        </tr>
                    </thead>
                    <tbody>
                        <tr class='danger'>
                            <td class="col-xs-10">test_CreateAccount_Error</td>
                            <td class="col-xs-1">
                                <span class="label label-danger" style="display:block;width:40px;">Fail</span>
                            </td>
                            <td class="col-xs-1">
                                <button class="btn btn-default btn-xs">View</button>
                            </td>
                        </tr>
                        <tr style="display:none;">
                            <td class="col-xs-9" colspan="3"><p style="color:maroon;">AssertionError: 'Invalid email address.' != ''
- Invalid email address.
+ 
 : Error Message is not match!</p><p style="color:maroon;">Traceback (most recent call last):
  File "I:\Work 4\LQA\Lotus Quality Assurance\LQA- Selenium_Python\Training Course _Selenium _LQA\automationPractice\testCases\package\test_CreateAccount.py", line 45, in test_CreateAccount_Error
    self.assertEqual(self.invalidEmailCreate_message,loginPage.getCreateAccountError_messages(),"Error Message is not match!")
AssertionError: 'Invalid email address.' != ''
- Invalid email address.
+ 
 : Error Message is not match!
</p>
                            </td>
                        </tr>
                        <tr class='warning'>
                            <td class="col-xs-10">test_CreateAccount_Successfull</td>
                            <td class="col-xs-1">
                                <span class="label label-warning" style="display:block;width:40px;">Error</span>
                            </td>
                            <td class="col-xs-1">
                                <button class="btn btn-default btn-xs">View</button>
                            </td>
                        </tr>
                        <tr style="display:none;">
                            <td class="col-xs-9" colspan="3"><p style="color:maroon;">NoSuchElementException: Message: no such element: Unable to locate element: {"method":"link text","selector":"Sign in"}
  (Session info: chrome=89.0.4389.128)
</p><p style="color:maroon;">Traceback (most recent call last):
  File "I:\Work 4\LQA\Lotus Quality Assurance\LQA- Selenium_Python\Training Course _Selenium _LQA\automationPractice\testCases\package\test_CreateAccount.py", line 50, in test_CreateAccount_Successfull
    homePage.clickSignIn()
  File "I:\Work 4\LQA\Lotus Quality Assurance\LQA- Selenium_Python\Training Course _Selenium _LQA\automationPractice\pageObjects\homePage.py", line 53, in clickSignIn
    self.driver.find_element_by_link_text(self.signInButton_linkText).click()
  File "C:\Users\DELL\AppData\Local\Programs\Python\Python39\lib\site-packages\selenium\webdriver\remote\webdriver.py", line 428, in find_element_by_link_text
    return self.find_element(by=By.LINK_TEXT, value=link_text)
  File "C:\Users\DELL\AppData\Local\Programs\Python\Python39\lib\site-packages\selenium\webdriver\remote\webdriver.py", line 976, in find_element
    return self.execute(Command.FIND_ELEMENT, {
  File "C:\Users\DELL\AppData\Local\Programs\Python\Python39\lib\site-packages\selenium\webdriver\remote\webdriver.py", line 321, in execute
    self.error_handler.check_response(response)
  File "C:\Users\DELL\AppData\Local\Programs\Python\Python39\lib\site-packages\selenium\webdriver\remote\errorhandler.py", line 242, in check_response
    raise exception_class(message, screen, stacktrace)
selenium.common.exceptions.NoSuchElementException: Message: no such element: Unable to locate element: {"method":"link text","selector":"Sign in"}
  (Session info: chrome=89.0.4389.128)

</p>
                            </td>
                        </tr>
                        <tr>
                            <td colspan="3">
                                Total: 2, Pass: 0, Fail: 1, Error: 1 -- Duration: 45.56 s
                            </td>
                        </tr>
                    </tbody>
                </table>
            </div>
        </div>
    </div>
    <script src="https://ajax.googleapis.com/ajax/libs/jquery/2.2.4/jquery.min.js"></script>
    <script type="text/javascript">
        $(document).ready(function(){
            $('td').on('click', '.btn', function(e){
                e.preventDefault();
                e.stopImmediatePropagation();
                var $this = $(this);
                var $nextRow = $this.closest('tr').next('tr');
                $nextRow.slideToggle("fast");
                $this.text(function(i, text){
                    if (text === 'View') {
                        return 'Hide';
                    } else {
                        return 'View';
                    };
                });
            });
        });
    </script>
</body>
</html